<?xml version="1.0" ?>
<!DOCTYPE coverage SYSTEM "http://cobertura.sourceforge.net/xml/coverage-04.dtd">
<coverage lines-valid="44" lines-covered="44" line-rate="1" branches-valid="0" branches-covered="0" branch-rate="1" timestamp="1562993185538" complexity="0" version="0.1">
  <sources>
    <source>/home/michael/code/lkapi</source>
  </sources>
  <packages>
    <class name="server.js" filename="src/server.js" line-rate="1" branch-rate="1">
      <methods>
        <method name="read" hits="1" signature="()V">
          <lines>
            <line number="25" hits="1"/>
          </lines>
        </method>
        <method name="read" hits="1" signature="()V">
          <lines>
            <line number="33" hits="1"/>
          </lines>
        </method>
        <method name="read" hits="1" signature="()V">
          <lines>
            <line number="40" hits="1"/>
          </lines>
        </method>
        <method name="processFile" hits="3" signature="()V">
          <lines>
            <line number="66" hits="3"/>
          </lines>
        </method>
        <method name="(anonymous_4)" hits="1" signature="()V">
          <lines>
            <line number="77" hits="1"/>
          </lines>
        </method>
        <method name="(anonymous_5)" hits="1" signature="()V">
          <lines>
            <line number="82" hits="1"/>
          </lines>
        </method>
        <method name="(anonymous_6)" hits="1" signature="()V">
          <lines>
            <line number="92" hits="1"/>
          </lines>
        </method>
        <method name="(anonymous_7)" hits="1" signature="()V">
          <lines>
            <line number="102" hits="1"/>
          </lines>
        </method>
        <method name="(anonymous_8)" hits="1" signature="()V">
          <lines>
            <line number="111" hits="1"/>
          </lines>
        </method>
        <method name="(anonymous_9)" hits="1" signature="()V">
          <lines>
            <line number="115" hits="1"/>
          </lines>
        </method>
        <method name="(anonymous_10)" hits="1" signature="()V">
          <lines>
            <line number="117" hits="1"/>
          </lines>
        </method>
      </methods>
      <lines>
        <line number="4" hits="1" branch="false"/>
        <line number="5" hits="1" branch="false"/>
        <line number="6" hits="1" branch="false"/>
        <line number="7" hits="1" branch="false"/>
        <line number="9" hits="1" branch="false"/>
        <line number="11" hits="1" branch="false"/>
        <line number="12" hits="1" branch="false"/>
        <line number="13" hits="1" branch="false"/>
        <line number="17" hits="1" branch="false"/>
        <line number="23" hits="1" branch="false"/>
        <line number="25" hits="1" branch="false"/>
        <line number="30" hits="1" branch="false"/>
        <line number="33" hits="1" branch="false"/>
        <line number="37" hits="1" branch="false"/>
        <line number="40" hits="1" branch="false"/>
        <line number="44" hits="1" branch="false"/>
        <line number="67" hits="3" branch="false"/>
        <line number="68" hits="3" branch="false"/>
        <line number="69" hits="3" branch="false"/>
        <line number="70" hits="3" branch="false"/>
        <line number="71" hits="3" branch="false"/>
        <line number="72" hits="3" branch="false"/>
        <line number="75" hits="1" branch="false"/>
        <line number="77" hits="1" branch="false"/>
        <line number="78" hits="1" branch="false"/>
        <line number="82" hits="1" branch="false"/>
        <line number="83" hits="1" branch="false"/>
        <line number="84" hits="1" branch="false"/>
        <line number="85" hits="1" branch="false"/>
        <line number="92" hits="1" branch="false"/>
        <line number="93" hits="1" branch="false"/>
        <line number="94" hits="1" branch="false"/>
        <line number="95" hits="1" branch="false"/>
        <line number="102" hits="1" branch="false"/>
        <line number="103" hits="1" branch="false"/>
        <line number="104" hits="1" branch="false"/>
        <line number="105" hits="1" branch="false"/>
        <line number="111" hits="1" branch="false"/>
        <line number="112" hits="1" branch="false"/>
        <line number="115" hits="1" branch="false"/>
        <line number="117" hits="1" branch="false"/>
        <line number="118" hits="1" branch="false"/>
        <line number="119" hits="1" branch="false"/>
        <line number="122" hits="1" branch="false"/>
      </lines>
    </class>
  </packages>
</coverage>
