{"total": {"lines":{"total":50,"covered":47,"skipped":0,"pct":94},"statements":{"total":51,"covered":48,"skipped":0,"pct":94.12},"functions":{"total":11,"covered":11,"skipped":0,"pct":100},"branches":{"total":6,"covered":3,"skipped":0,"pct":50}}
,"/home/michael/code/lkapi/src/server.js": {"lines":{"total":50,"covered":47,"skipped":0,"pct":94},"functions":{"total":11,"covered":11,"skipped":0,"pct":100},"statements":{"total":51,"covered":48,"skipped":0,"pct":94.12},"branches":{"total":6,"covered":3,"skipped":0,"pct":50}}
}
