{"total": {"lines":{"total":44,"covered":44,"skipped":0,"pct":100},"statements":{"total":45,"covered":45,"skipped":0,"pct":100},"functions":{"total":11,"covered":11,"skipped":0,"pct":100},"branches":{"total":0,"covered":0,"skipped":0,"pct":100}}
,"/home/michael/code/lkapi/src/server.js": {"lines":{"total":44,"covered":44,"skipped":0,"pct":100},"functions":{"total":11,"covered":11,"skipped":0,"pct":100},"statements":{"total":45,"covered":45,"skipped":0,"pct":100},"branches":{"total":0,"covered":0,"skipped":0,"pct":100}}
}
